2025-07-12 16:26:57,281 - INFO - Experiment directory: experiments/phase1_decoder_20250712_162657
2025-07-12 16:26:57,281 - INFO - Creating datasets...
2025-07-12 16:26:58,461 - INFO - Created train dataset with 200 samples
2025-07-12 16:26:58,462 - INFO - Created val dataset with 1000 samples
2025-07-12 16:26:58,462 - INFO - Created train loader with 25 batches
2025-07-12 16:26:58,462 - INFO - Created val loader with 125 batches
2025-07-12 16:26:58,462 - INFO - Creating model...
2025-07-12 16:26:58,825 - INFO - Model created with 101,701,600 total parameters
2025-07-12 16:26:58,825 - INFO - Trainable parameters: 101,701,600
2025-07-12 16:26:58,826 - INFO - Running small training test...
2025-07-12 16:26:58,826 - INFO - Running small training test (1-2 epochs)...
2025-07-12 16:28:41,816 - INFO - Experiment directory: experiments/phase1_decoder_20250712_162841
2025-07-12 16:28:41,816 - INFO - Creating datasets...
2025-07-12 16:28:43,003 - INFO - Created train dataset with 200 samples
2025-07-12 16:28:43,003 - INFO - Created val dataset with 1000 samples
2025-07-12 16:28:43,004 - INFO - Created train loader with 25 batches
2025-07-12 16:28:43,004 - INFO - Created val loader with 125 batches
2025-07-12 16:28:43,004 - INFO - Creating model...
2025-07-12 16:28:43,368 - INFO - Model created with 101,701,600 total parameters
2025-07-12 16:28:43,368 - INFO - Trainable parameters: 101,701,600
2025-07-12 16:28:43,369 - INFO - Running small training test...
2025-07-12 16:28:43,369 - INFO - Running small training test (1-2 epochs)...
